<?xml version="1.0" encoding="UTF-8"?>
<!-- Generated by org.testng.reporters.JUnitXMLReporter -->
<testsuite ignored="0" hostname="DESKTOP-N5PFCGR" failures="1" tests="4" name="negativetestcases" time="101.915" errors="0" timestamp="2024-02-22T17:20:42 GST">
  <testcase classname="rahulshettyacademy.test.ErrorValidationTest" name="incorrectLogin" time="0.799">
    <skipped/>
  </testcase> <!-- incorrectLogin -->
  <testcase classname="rahulshettyacademy.test.ErrorValidationTest" name="incorrectLogin" time="0.793">
    <skipped/>
  </testcase> <!-- incorrectLogin -->
  <testcase classname="rahulshettyacademy.test.ErrorValidationTest" name="incorrectLogin" time="0.824">
    <failure type="java.lang.AssertionError" message="expected [Incorrect email or password.] but found [Incorrect email password.]">
      <![CDATA[java.lang.AssertionError: expected [Incorrect email or password.] but found [Incorrect email password.]
at rahulshettyacademy.test.ErrorValidationTest.incorrectLogin(ErrorValidationTest.java:21)
at java.base/java.util.ArrayList.forEach(ArrayList.java:1511)
... Removed 33 stack frames]]>
    </failure>
  </testcase> <!-- incorrectLogin -->
  <testcase classname="rahulshettyacademy.test.ErrorValidationTest" name="productValidation" time="2.701"/>
</testsuite> <!-- negativetestcases -->
