<?xml version="1.0" encoding="UTF-8"?>
<!-- Generated by org.testng.reporters.JUnitXMLReporter -->
<testsuite ignored="0" hostname="DESKTOP-N5PFCGR" failures="0" tests="4" name="positivetestcases" time="56.343" errors="0" timestamp="2024-02-22T17:19:00 GST">
  <testcase classname="rahulshettyacademy.test.EcommerceNEW" name="submitOrder" time="4.865"/>
  <testcase classname="rahulshettyacademy.test.EcommerceNEW" name="submitOrder" time="4.863"/>
  <testcase classname="rahulshettyacademy.test.EcommerceNEW" name="submitOrder" time="4.911"/>
  <testcase classname="rahulshettyacademy.test.EcommerceNEW" name="verifyOrdersPage" time="1.406"/>
</testsuite> <!-- positivetestcases -->
