<?xml version="1.0" encoding="UTF-8"?>
<!-- Generated by org.testng.reporters.JUnitXMLReporter -->
<testsuite ignored="2" hostname="DESKTOP-N5PFCGR" failures="0" tests="0" time="0.011" errors="0" timestamp="2024-02-26T13:05:22 GST">
  <testcase classname="rahulshettyacademy.test.EcommerceNEW" name="verifyOrdersPage" time="0.0">
    <ignored/>
  </testcase> <!-- verifyOrdersPage -->
  <testcase classname="rahulshettyacademy.test.EcommerceNEW" name="submitOrder" time="0.0">
    <ignored/>
  </testcase> <!-- submitOrder -->
</testsuite>
