<?xml version="1.0" encoding="UTF-8"?>
<!-- Generated by org.testng.reporters.JUnitXMLReporter -->
<testsuite ignored="0" hostname="DESKTOP-N5PFCGR" failures="0" tests="2" name="negativetestcases" time="9.378" errors="0" timestamp="2024-02-28T09:16:31 GST">
  <testcase classname="rahulshettyacademy.test.ErrorValidationTest" name="incorrectLogin" time="0.701"/>
  <testcase classname="rahulshettyacademy.test.ErrorValidationTest" name="productValidation" time="2.696"/>
</testsuite> <!-- negativetestcases -->
