<?xml version="1.0" encoding="UTF-8"?>
<!-- Generated by org.testng.reporters.JUnitXMLReporter -->
<testsuite ignored="0" hostname="DESKTOP-N5PFCGR" failures="0" tests="4" name="positivetestcases" time="68.142" errors="0" timestamp="2024-02-28T09:16:21 GST">
  <testcase classname="rahulshettyacademy.test.EcommerceNEW" name="submitOrder" time="5.077"/>
  <testcase classname="rahulshettyacademy.test.EcommerceNEW" name="submitOrder" time="3.586"/>
  <testcase classname="rahulshettyacademy.test.EcommerceNEW" name="submitOrder" time="4.293"/>
  <testcase classname="rahulshettyacademy.test.EcommerceNEW" name="verifyOrdersPage" time="1.327"/>
</testsuite> <!-- positivetestcases -->
