<?xml version="1.0" encoding="UTF-8"?>
<!-- Generated by org.testng.reporters.JUnitXMLReporter -->
<testsuite ignored="1" hostname="DESKTOP-N5PFCGR" failures="0" tests="1" name="negativetestcases(failed)" time="4.923" errors="0" timestamp="2024-02-22T18:22:23 GST">
  <testcase classname="rahulshettyacademy.test.ErrorValidationTest" name="incorrectLogin" time="0.621"/>
  <testcase classname="rahulshettyacademy.test.ErrorValidationTest" name="productValidation" time="0.0">
    <ignored/>
  </testcase> <!-- productValidation -->
</testsuite> <!-- negativetestcases(failed) -->
