<?xml version="1.0" encoding="UTF-8"?>
<testng-results ignored="0" total="1" passed="1" failed="0" skipped="0">
  <reporter-output>
  </reporter-output>
  <suite started-at="2024-03-12T10:20:09 GST" name="Surefire suite" finished-at="2024-03-12T10:20:46 GST" duration-ms="37143">
    <groups>
      <group name="cucumber">
        <method signature="AbstractTestNGCucumberTests.runScenario(io.cucumber.testng.PickleWrapper,io.cucumber.testng.FeatureWrapper)[pri:0, instance:Cucumber.test.TestNGTestRunner@1d119efb]" name="runScenario" class="io.cucumber.testng.AbstractTestNGCucumberTests"/>
      </group> <!-- cucumber -->
    </groups>
    <test started-at="2024-03-12T10:20:09 GST" name="Surefire test" finished-at="2024-03-12T10:20:46 GST" duration-ms="37143">
      <class name="Cucumber.test.TestNGTestRunner">
        <test-method is-config="true" signature="setUpClass(org.testng.ITestContext)[pri:0, instance:Cucumber.test.TestNGTestRunner@1d119efb]" started-at="2024-03-12T10:20:09 GST" name="setUpClass" finished-at="2024-03-12T10:20:11 GST" duration-ms="1529" status="PASS">
          <params>
            <param index="0">
              <value>
                <![CDATA[org.testng.TestRunner@28348c6]]>
              </value>
            </param>
          </params>
          <reporter-output>
          </reporter-output>
        </test-method> <!-- setUpClass -->
        <test-method signature="runScenario(io.cucumber.testng.PickleWrapper,io.cucumber.testng.FeatureWrapper)[pri:0, instance:Cucumber.test.TestNGTestRunner@1d119efb]" started-at="2024-03-12T10:20:11 GST" name="runScenario" description="Runs Cucumber Scenarios" data-provider="scenarios" finished-at="2024-03-12T10:20:46 GST" duration-ms="35412" status="PASS">
          <params>
            <param index="0">
              <value>
                <![CDATA["Login with incorrect username and password"]]>
              </value>
            </param>
            <param index="1">
              <value>
                <![CDATA["Unknown"]]>
              </value>
            </param>
          </params>
          <reporter-output>
          </reporter-output>
        </test-method> <!-- runScenario -->
        <test-method is-config="true" signature="tearDownClass()[pri:0, instance:Cucumber.test.TestNGTestRunner@1d119efb]" started-at="2024-03-12T10:20:46 GST" name="tearDownClass" finished-at="2024-03-12T10:20:46 GST" duration-ms="93" status="PASS">
          <reporter-output>
          </reporter-output>
        </test-method> <!-- tearDownClass -->
      </class> <!-- Cucumber.test.TestNGTestRunner -->
    </test> <!-- Surefire test -->
  </suite> <!-- Surefire suite -->
</testng-results>
